{
	"C:\\Users\\nichiuser\\Dev_Prj\\Nexta\\src\\App.jsx": {
		"path": "C:\\Users\\nichiuser\\Dev_Prj\\Nexta\\src\\App.jsx",
		"statementMap": {
			"0": {
				"start": { "line": 5, "column": 1 },
				"end": { "line": 5, "column": 63 }
			}
		},
		"fnMap": {
			"0": {
				"name": "App",
				"decl": {
					"start": { "line": 4, "column": 9 },
					"end": { "line": 4, "column": 12 }
				},
				"loc": {
					"start": { "line": 4, "column": 15 },
					"end": { "line": 6, "column": 1 }
				},
				"line": 4
			}
		},
		"branchMap": {},
		"s": { "0": 1 },
		"f": { "0": 1 },
		"b": {},
		"_coverageSchema": "1a1c01bbd47fc00a2c39e90264f33305004495a9",
		"hash": "0ae9bb62f20997d4ea6e0ebf2ae531eaa42b4680"
	}
}
