{
	"C:\\Users\\nichiuser\\Dev_Prj\\Nexta\\src\\App.jsx": {
		"path": "C:\\Users\\nichiuser\\Dev_Prj\\Nexta\\src\\App.jsx",
		"statementMap": {
			"0": {
				"start": { "line": 4, "column": 1 },
				"end": { "line": 4, "column": 47 }
			}
		},
		"fnMap": {
			"0": {
				"name": "App",
				"decl": {
					"start": { "line": 3, "column": 9 },
					"end": { "line": 3, "column": 12 }
				},
				"loc": {
					"start": { "line": 3, "column": 15 },
					"end": { "line": 5, "column": 1 }
				},
				"line": 3
			}
		},
		"branchMap": {},
		"s": { "0": 1 },
		"f": { "0": 1 },
		"b": {},
		"_coverageSchema": "1a1c01bbd47fc00a2c39e90264f33305004495a9",
		"hash": "9e3541e26864c86e66bef6c31bce02187d43897e"
	}
}
